d:\2 семестр пнипу\программирование\задания данилу\8lab\8lab\x64\debug\vc143.pdb
d:\2 семестр пнипу\программирование\задания данилу\8lab\8lab\x64\debug\vc143.idb
d:\2 семестр пнипу\программирование\задания данилу\8lab\8lab\x64\debug\emloyee.obj
d:\2 семестр пнипу\программирование\задания данилу\8lab\8lab\x64\debug\8lab.obj
d:\2 семестр пнипу\программирование\задания данилу\8lab\8lab\x64\debug\vector.obj
d:\2 семестр пнипу\программирование\задания данилу\8lab\8lab\x64\debug\person.obj
d:\2 семестр пнипу\программирование\задания данилу\8lab\8lab\x64\debug\object.obj
d:\2 семестр пнипу\программирование\задания данилу\8lab\8lab\x64\debug\dialog.obj
d:\2 семестр пнипу\программирование\задания данилу\8lab\8lab\x64\debug\8lab.pdb
d:\2 семестр пнипу\программирование\задания данилу\8lab\8lab\x64\debug\8lab.tlog\cl.command.1.tlog
d:\2 семестр пнипу\программирование\задания данилу\8lab\8lab\x64\debug\8lab.tlog\cl.read.1.tlog
d:\2 семестр пнипу\программирование\задания данилу\8lab\8lab\x64\debug\8lab.tlog\cl.write.1.tlog
d:\2 семестр пнипу\программирование\задания данилу\8lab\8lab\x64\debug\8lab.tlog\link-cvtres.read.1.tlog
d:\2 семестр пнипу\программирование\задания данилу\8lab\8lab\x64\debug\8lab.tlog\link-cvtres.write.1.tlog
d:\2 семестр пнипу\программирование\задания данилу\8lab\8lab\x64\debug\8lab.tlog\link-rc.read.1.tlog
d:\2 семестр пнипу\программирование\задания данилу\8lab\8lab\x64\debug\8lab.tlog\link-rc.write.1.tlog
d:\2 семестр пнипу\программирование\задания данилу\8lab\8lab\x64\debug\8lab.tlog\link.command.1.tlog
d:\2 семестр пнипу\программирование\задания данилу\8lab\8lab\x64\debug\8lab.tlog\link.read.1.tlog
d:\2 семестр пнипу\программирование\задания данилу\8lab\8lab\x64\debug\8lab.tlog\link.read.2.tlog
d:\2 семестр пнипу\программирование\задания данилу\8lab\8lab\x64\debug\8lab.tlog\link.write.1.tlog
