  main.cpp
D:\qt projects\BinaryTreeSFML-master\main.cpp(17,57): warning C4244: аргумент: преобразование "int" в "T", возможна потеря данных
          with
          [
              T=float
          ]
D:\qt projects\BinaryTreeSFML-master\main.cpp(17,51): warning C4244: аргумент: преобразование "double" в "T", возможна потеря данных
          with
          [
              T=float
          ]
D:\qt projects\BinaryTreeSFML-master\main.cpp(23,32): warning C4244: аргумент: преобразование "int" в "float", возможна потеря данных
D:\qt projects\BinaryTreeSFML-master\main.cpp(23,26): warning C4244: аргумент: преобразование "double" в "float", возможна потеря данных
D:\qt projects\BinaryTreeSFML-master\main.cpp(29,34): warning C4244: аргумент: преобразование "int" в "float", возможна потеря данных
D:\qt projects\BinaryTreeSFML-master\main.cpp(29,28): warning C4244: аргумент: преобразование "double" в "float", возможна потеря данных
D:\qt projects\BinaryTreeSFML-master\main.cpp(36,57): warning C4244: аргумент: преобразование "int" в "T", возможна потеря данных
          with
          [
              T=float
          ]
D:\qt projects\BinaryTreeSFML-master\main.cpp(36,51): warning C4244: аргумент: преобразование "double" в "T", возможна потеря данных
          with
          [
              T=float
          ]
D:\qt projects\BinaryTreeSFML-master\main.cpp(41,57): warning C4244: аргумент: преобразование "int" в "T", возможна потеря данных
          with
          [
              T=float
          ]
D:\qt projects\BinaryTreeSFML-master\main.cpp(41,51): warning C4244: аргумент: преобразование "double" в "T", возможна потеря данных
          with
          [
              T=float
          ]
D:\qt projects\BinaryTreeSFML-master\main.cpp(78,51): warning C4244: аргумент: преобразование "int" в "T", возможна потеря данных
          with
          [
              T=float
          ]
main.obj : error LNK2019: ссылка на неразрешенный внешний символ "__declspec(dllimport) public: __cdecl sf::String::String(char,class std::locale const &)" (__imp_??0String@sf@@QEAA@DAEBVlocale@std@@@Z) в функции main.
main.obj : error LNK2019: ссылка на неразрешенный внешний символ "__declspec(dllimport) public: __cdecl sf::String::String(char const *,class std::locale const &)" (__imp_??0String@sf@@QEAA@PEBDAEBVlocale@std@@@Z) в функции main.
main.obj : error LNK2019: ссылка на неразрешенный внешний символ "__declspec(dllimport) public: __cdecl sf::String::String(class std::basic_string<char,struct std::char_traits<char>,class std::allocator<char> > const &,class std::locale const &)" (__imp_??0String@sf@@QEAA@AEBV?$basic_string@DU?$char_traits@D@std@@V?$allocator@D@2@@std@@AEBVlocale@3@@Z) в функции "public: __cdecl `void __cdecl createShapes(class BinaryTree &,class std::vector<class sf::CircleShape,class std::allocator<class sf::CircleShape> > &,class std::vector<class sf::Text,class std::allocator<class sf::Text> > &,class sf::Font &,class sf::VertexArray &,int)'::`2'::<lambda_1>::operator()(class Node *,int,int)const " (??R<lambda_1>@?1??createShapes@@YAXAEAVBinaryTree@@AEAV?$vector@VCircleShape@sf@@V?$allocator@VCircleShape@sf@@@std@@@std@@AEAV?$vector@VText@sf@@V?$allocator@VText@sf@@@std@@@4@AEAVFont@sf@@AEAVVertexArray@7@H@Z@QEBA@PEAVNode@@HH@Z).
main.obj : error LNK2019: ссылка на неразрешенный внешний символ "__declspec(dllimport) public: __cdecl sf::String::String(class sf::String const &)" (__imp_??0String@sf@@QEAA@AEBV01@@Z) в функции main.
main.obj : error LNK2019: ссылка на неразрешенный внешний символ "__declspec(dllimport) public: unsigned __int64 __cdecl sf::String::getSize(void)const " (__imp_?getSize@String@sf@@QEBA_KXZ) в функции main.
main.obj : error LNK2019: ссылка на неразрешенный внешний символ "__declspec(dllimport) public: class sf::String __cdecl sf::String::substring(unsigned __int64,unsigned __int64)const " (__imp_?substring@String@sf@@QEBA?AV12@_K0@Z) в функции main.
main.obj : error LNK2019: ссылка на неразрешенный внешний символ "__declspec(dllimport) public: __cdecl sf::String::~String(void)" (__imp_??1String@sf@@QEAA@XZ) в функции "public: __cdecl `void __cdecl createShapes(class BinaryTree &,class std::vector<class sf::CircleShape,class std::allocator<class sf::CircleShape> > &,class std::vector<class sf::Text,class std::allocator<class sf::Text> > &,class sf::Font &,class sf::VertexArray &,int)'::`2'::<lambda_1>::operator()(class Node *,int,int)const " (??R<lambda_1>@?1??createShapes@@YAXAEAVBinaryTree@@AEAV?$vector@VCircleShape@sf@@V?$allocator@VCircleShape@sf@@@std@@@std@@AEAV?$vector@VText@sf@@V?$allocator@VText@sf@@@std@@@4@AEAVFont@sf@@AEAVVertexArray@7@H@Z@QEBA@PEAVNode@@HH@Z).
main.obj : error LNK2019: ссылка на неразрешенный внешний символ "__declspec(dllimport) class sf::String __cdecl sf::operator+(class sf::String const &,class sf::String const &)" (__imp_??Hsf@@YA?AVString@0@AEBV10@0@Z) в функции main.
main.obj : error LNK2019: ссылка на неразрешенный внешний символ "__declspec(dllimport) public: __cdecl sf::VideoMode::VideoMode(unsigned int,unsigned int,unsigned int)" (__imp_??0VideoMode@sf@@QEAA@III@Z) в функции main.
main.obj : error LNK2019: ссылка на неразрешенный внешний символ "__declspec(dllimport) public: void __cdecl sf::Window::close(void)" (__imp_?close@Window@sf@@QEAAXXZ) в функции main.
main.obj : error LNK2019: ссылка на неразрешенный внешний символ "__declspec(dllimport) public: bool __cdecl sf::Window::isOpen(void)const " (__imp_?isOpen@Window@sf@@QEBA_NXZ) в функции main.
main.obj : error LNK2019: ссылка на неразрешенный внешний символ "__declspec(dllimport) public: bool __cdecl sf::Window::pollEvent(class sf::Event &)" (__imp_?pollEvent@Window@sf@@QEAA_NAEAVEvent@2@@Z) в функции main.
main.obj : error LNK2019: ссылка на неразрешенный внешний символ "__declspec(dllimport) public: void __cdecl sf::Window::setFramerateLimit(unsigned int)" (__imp_?setFramerateLimit@Window@sf@@QEAAXI@Z) в функции main.
main.obj : error LNK2019: ссылка на неразрешенный внешний символ "__declspec(dllimport) public: void __cdecl sf::Window::display(void)" (__imp_?display@Window@sf@@QEAAXXZ) в функции main.
main.obj : error LNK2019: ссылка на неразрешенный внешний символ "__declspec(dllimport) public: void __cdecl sf::Transformable::setPosition(float,float)" (__imp_?setPosition@Transformable@sf@@QEAAXMM@Z) в функции "public: __cdecl `void __cdecl createShapes(class BinaryTree &,class std::vector<class sf::CircleShape,class std::allocator<class sf::CircleShape> > &,class std::vector<class sf::Text,class std::allocator<class sf::Text> > &,class sf::Font &,class sf::VertexArray &,int)'::`2'::<lambda_1>::operator()(class Node *,int,int)const " (??R<lambda_1>@?1??createShapes@@YAXAEAVBinaryTree@@AEAV?$vector@VCircleShape@sf@@V?$allocator@VCircleShape@sf@@@std@@@std@@AEAV?$vector@VText@sf@@V?$allocator@VText@sf@@@std@@@4@AEAVFont@sf@@AEAVVertexArray@7@H@Z@QEBA@PEAVNode@@HH@Z).
main.obj : error LNK2019: ссылка на неразрешенный внешний символ "__declspec(dllimport) public: void __cdecl sf::Transformable::setPosition(class sf::Vector2<float> const &)" (__imp_?setPosition@Transformable@sf@@QEAAXAEBV?$Vector2@M@2@@Z) в функции main.
main.obj : error LNK2019: ссылка на неразрешенный внешний символ "__declspec(dllimport) public: void __cdecl sf::Transformable::setOrigin(float,float)" (__imp_?setOrigin@Transformable@sf@@QEAAXMM@Z) в функции "public: __cdecl `void __cdecl createShapes(class BinaryTree &,class std::vector<class sf::CircleShape,class std::allocator<class sf::CircleShape> > &,class std::vector<class sf::Text,class std::allocator<class sf::Text> > &,class sf::Font &,class sf::VertexArray &,int)'::`2'::<lambda_1>::operator()(class Node *,int,int)const " (??R<lambda_1>@?1??createShapes@@YAXAEAVBinaryTree@@AEAV?$vector@VCircleShape@sf@@V?$allocator@VCircleShape@sf@@@std@@@std@@AEAV?$vector@VText@sf@@V?$allocator@VText@sf@@@std@@@4@AEAVFont@sf@@AEAVVertexArray@7@H@Z@QEBA@PEAVNode@@HH@Z).
main.obj : error LNK2019: ссылка на неразрешенный внешний символ "__declspec(dllimport) public: __cdecl sf::Color::Color(unsigned char,unsigned char,unsigned char,unsigned char)" (__imp_??0Color@sf@@QEAA@EEEE@Z) в функции "public: __cdecl `void __cdecl createShapes(class BinaryTree &,class std::vector<class sf::CircleShape,class std::allocator<class sf::CircleShape> > &,class std::vector<class sf::Text,class std::allocator<class sf::Text> > &,class sf::Font &,class sf::VertexArray &,int)'::`2'::<lambda_1>::operator()(class Node *,int,int)const " (??R<lambda_1>@?1??createShapes@@YAXAEAVBinaryTree@@AEAV?$vector@VCircleShape@sf@@V?$allocator@VCircleShape@sf@@@std@@@std@@AEAV?$vector@VText@sf@@V?$allocator@VText@sf@@@std@@@4@AEAVFont@sf@@AEAVVertexArray@7@H@Z@QEBA@PEAVNode@@HH@Z).
main.obj : error LNK2019: ссылка на неразрешенный внешний символ "__declspec(dllimport) public: __cdecl sf::Vertex::Vertex(class sf::Vector2<float> const &)" (__imp_??0Vertex@sf@@QEAA@AEBV?$Vector2@M@1@@Z) в функции "public: __cdecl `void __cdecl createShapes(class BinaryTree &,class std::vector<class sf::CircleShape,class std::allocator<class sf::CircleShape> > &,class std::vector<class sf::Text,class std::allocator<class sf::Text> > &,class sf::Font &,class sf::VertexArray &,int)'::`2'::<lambda_1>::operator()(class Node *,int,int)const " (??R<lambda_1>@?1??createShapes@@YAXAEAVBinaryTree@@AEAV?$vector@VCircleShape@sf@@V?$allocator@VCircleShape@sf@@@std@@@std@@AEAV?$vector@VText@sf@@V?$allocator@VText@sf@@@std@@@4@AEAVFont@sf@@AEAVVertexArray@7@H@Z@QEBA@PEAVNode@@HH@Z).
main.obj : error LNK2019: ссылка на неразрешенный внешний символ "__declspec(dllimport) public: __cdecl sf::VertexArray::VertexArray(enum sf::PrimitiveType,unsigned __int64)" (__imp_??0VertexArray@sf@@QEAA@W4PrimitiveType@1@_K@Z) в функции main.
main.obj : error LNK2019: ссылка на неразрешенный внешний символ "__declspec(dllimport) public: void __cdecl sf::VertexArray::clear(void)" (__imp_?clear@VertexArray@sf@@QEAAXXZ) в функции "void __cdecl createShapes(class BinaryTree &,class std::vector<class sf::CircleShape,class std::allocator<class sf::CircleShape> > &,class std::vector<class sf::Text,class std::allocator<class sf::Text> > &,class sf::Font &,class sf::VertexArray &,int)" (?createShapes@@YAXAEAVBinaryTree@@AEAV?$vector@VCircleShape@sf@@V?$allocator@VCircleShape@sf@@@std@@@std@@AEAV?$vector@VText@sf@@V?$allocator@VText@sf@@@std@@@3@AEAVFont@sf@@AEAVVertexArray@6@H@Z).
main.obj : error LNK2019: ссылка на неразрешенный внешний символ "__declspec(dllimport) public: void __cdecl sf::VertexArray::append(class sf::Vertex const &)" (__imp_?append@VertexArray@sf@@QEAAXAEBVVertex@2@@Z) в функции "public: __cdecl `void __cdecl createShapes(class BinaryTree &,class std::vector<class sf::CircleShape,class std::allocator<class sf::CircleShape> > &,class std::vector<class sf::Text,class std::allocator<class sf::Text> > &,class sf::Font &,class sf::VertexArray &,int)'::`2'::<lambda_1>::operator()(class Node *,int,int)const " (??R<lambda_1>@?1??createShapes@@YAXAEAVBinaryTree@@AEAV?$vector@VCircleShape@sf@@V?$allocator@VCircleShape@sf@@@std@@@std@@AEAV?$vector@VText@sf@@V?$allocator@VText@sf@@@std@@@4@AEAVFont@sf@@AEAVVertexArray@7@H@Z@QEBA@PEAVNode@@HH@Z).
main.obj : error LNK2019: ссылка на неразрешенный внешний символ "__declspec(dllimport) public: virtual __cdecl sf::VertexArray::~VertexArray(void)" (__imp_??1VertexArray@sf@@UEAA@XZ) в функции main.
main.obj : error LNK2019: ссылка на неразрешенный внешний символ "__declspec(dllimport) public: void __cdecl sf::Shape::setFillColor(class sf::Color const &)" (__imp_?setFillColor@Shape@sf@@QEAAXAEBVColor@2@@Z) в функции "public: __cdecl `void __cdecl createShapes(class BinaryTree &,class std::vector<class sf::CircleShape,class std::allocator<class sf::CircleShape> > &,class std::vector<class sf::Text,class std::allocator<class sf::Text> > &,class sf::Font &,class sf::VertexArray &,int)'::`2'::<lambda_1>::operator()(class Node *,int,int)const " (??R<lambda_1>@?1??createShapes@@YAXAEAVBinaryTree@@AEAV?$vector@VCircleShape@sf@@V?$allocator@VCircleShape@sf@@@std@@@std@@AEAV?$vector@VText@sf@@V?$allocator@VText@sf@@@std@@@4@AEAVFont@sf@@AEAVVertexArray@7@H@Z@QEBA@PEAVNode@@HH@Z).
main.obj : error LNK2019: ссылка на неразрешенный внешний символ "__declspec(dllimport) public: class sf::Rect<float> __cdecl sf::Shape::getLocalBounds(void)const " (__imp_?getLocalBounds@Shape@sf@@QEBA?AV?$Rect@M@2@XZ) в функции "public: __cdecl `void __cdecl createShapes(class BinaryTree &,class std::vector<class sf::CircleShape,class std::allocator<class sf::CircleShape> > &,class std::vector<class sf::Text,class std::allocator<class sf::Text> > &,class sf::Font &,class sf::VertexArray &,int)'::`2'::<lambda_1>::operator()(class Node *,int,int)const " (??R<lambda_1>@?1??createShapes@@YAXAEAVBinaryTree@@AEAV?$vector@VCircleShape@sf@@V?$allocator@VCircleShape@sf@@@std@@@std@@AEAV?$vector@VText@sf@@V?$allocator@VText@sf@@@std@@@4@AEAVFont@sf@@AEAVVertexArray@7@H@Z@QEBA@PEAVNode@@HH@Z).
main.obj : error LNK2019: ссылка на неразрешенный внешний символ "__declspec(dllimport) public: __cdecl sf::CircleShape::CircleShape(float,unsigned __int64)" (__imp_??0CircleShape@sf@@QEAA@M_K@Z) в функции "public: __cdecl `void __cdecl createShapes(class BinaryTree &,class std::vector<class sf::CircleShape,class std::allocator<class sf::CircleShape> > &,class std::vector<class sf::Text,class std::allocator<class sf::Text> > &,class sf::Font &,class sf::VertexArray &,int)'::`2'::<lambda_1>::operator()(class Node *,int,int)const " (??R<lambda_1>@?1??createShapes@@YAXAEAVBinaryTree@@AEAV?$vector@VCircleShape@sf@@V?$allocator@VCircleShape@sf@@@std@@@std@@AEAV?$vector@VText@sf@@V?$allocator@VText@sf@@@std@@@4@AEAVFont@sf@@AEAVVertexArray@7@H@Z@QEBA@PEAVNode@@HH@Z).
main.obj : error LNK2019: ссылка на неразрешенный внешний символ "__declspec(dllimport) public: virtual __cdecl sf::CircleShape::~CircleShape(void)" (__imp_??1CircleShape@sf@@UEAA@XZ) в функции "public: __cdecl `void __cdecl createShapes(class BinaryTree &,class std::vector<class sf::CircleShape,class std::allocator<class sf::CircleShape> > &,class std::vector<class sf::Text,class std::allocator<class sf::Text> > &,class sf::Font &,class sf::VertexArray &,int)'::`2'::<lambda_1>::operator()(class Node *,int,int)const " (??R<lambda_1>@?1??createShapes@@YAXAEAVBinaryTree@@AEAV?$vector@VCircleShape@sf@@V?$allocator@VCircleShape@sf@@@std@@@std@@AEAV?$vector@VText@sf@@V?$allocator@VText@sf@@@std@@@4@AEAVFont@sf@@AEAVVertexArray@7@H@Z@QEBA@PEAVNode@@HH@Z).
main.obj : error LNK2019: ссылка на неразрешенный внешний символ "__declspec(dllimport) public: __cdecl sf::CircleShape::CircleShape(class sf::CircleShape const &)" (__imp_??0CircleShape@sf@@QEAA@AEBV01@@Z) в функции "public: static void __cdecl std::_Default_allocator_traits<class std::allocator<class sf::CircleShape> >::construct<class sf::CircleShape,class sf::CircleShape &>(class std::allocator<class sf::CircleShape> &,class sf::CircleShape * const,class sf::CircleShape &)" (??$construct@VCircleShape@sf@@AEAV12@@?$_Default_allocator_traits@V?$allocator@VCircleShape@sf@@@std@@@std@@SAXAEAV?$allocator@VCircleShape@sf@@@1@QEAVCircleShape@sf@@AEAV34@@Z).
main.obj : error LNK2019: ссылка на неразрешенный внешний символ "__declspec(dllimport) public: __cdecl sf::CircleShape::CircleShape(class sf::CircleShape &&)" (__imp_??0CircleShape@sf@@QEAA@$$QEAV01@@Z) в функции "public: static void __cdecl std::_Default_allocator_traits<class std::allocator<class sf::CircleShape> >::construct<class sf::CircleShape,class sf::CircleShape>(class std::allocator<class sf::CircleShape> &,class sf::CircleShape * const,class sf::CircleShape &&)" (??$construct@VCircleShape@sf@@V12@@?$_Default_allocator_traits@V?$allocator@VCircleShape@sf@@@std@@@std@@SAXAEAV?$allocator@VCircleShape@sf@@@1@QEAVCircleShape@sf@@$$QEAV34@@Z).
main.obj : error LNK2019: ссылка на неразрешенный внешний символ "__declspec(dllimport) public: __cdecl sf::Font::Font(void)" (__imp_??0Font@sf@@QEAA@XZ) в функции main.
main.obj : error LNK2019: ссылка на неразрешенный внешний символ "__declspec(dllimport) public: __cdecl sf::Font::~Font(void)" (__imp_??1Font@sf@@QEAA@XZ) в функции main.
main.obj : error LNK2019: ссылка на неразрешенный внешний символ "__declspec(dllimport) public: bool __cdecl sf::Font::loadFromFile(class std::basic_string<char,struct std::char_traits<char>,class std::allocator<char> > const &)" (__imp_?loadFromFile@Font@sf@@QEAA_NAEBV?$basic_string@DU?$char_traits@D@std@@V?$allocator@D@2@@std@@@Z) в функции main.
main.obj : error LNK2019: ссылка на неразрешенный внешний символ "__declspec(dllimport) public: void __cdecl sf::RenderTarget::clear(class sf::Color const &)" (__imp_?clear@RenderTarget@sf@@QEAAXAEBVColor@2@@Z) в функции main.
main.obj : error LNK2019: ссылка на неразрешенный внешний символ "__declspec(dllimport) public: void __cdecl sf::RenderTarget::draw(class sf::Drawable const &,class sf::RenderStates const &)" (__imp_?draw@RenderTarget@sf@@QEAAXAEBVDrawable@2@AEBVRenderStates@2@@Z) в функции main.
main.obj : error LNK2019: ссылка на неразрешенный внешний символ "__declspec(dllimport) public: __cdecl sf::RenderWindow::RenderWindow(class sf::VideoMode,class sf::String const &,unsigned int,struct sf::ContextSettings const &)" (__imp_??0RenderWindow@sf@@QEAA@VVideoMode@1@AEBVString@1@IAEBUContextSettings@1@@Z) в функции main.
main.obj : error LNK2019: ссылка на неразрешенный внешний символ "__declspec(dllimport) public: virtual __cdecl sf::RenderWindow::~RenderWindow(void)" (__imp_??1RenderWindow@sf@@UEAA@XZ) в функции main.
main.obj : error LNK2019: ссылка на неразрешенный внешний символ "__declspec(dllimport) public: __cdecl sf::Text::Text(class sf::String const &,class sf::Font const &,unsigned int)" (__imp_??0Text@sf@@QEAA@AEBVString@1@AEBVFont@1@I@Z) в функции "public: __cdecl `void __cdecl createShapes(class BinaryTree &,class std::vector<class sf::CircleShape,class std::allocator<class sf::CircleShape> > &,class std::vector<class sf::Text,class std::allocator<class sf::Text> > &,class sf::Font &,class sf::VertexArray &,int)'::`2'::<lambda_1>::operator()(class Node *,int,int)const " (??R<lambda_1>@?1??createShapes@@YAXAEAVBinaryTree@@AEAV?$vector@VCircleShape@sf@@V?$allocator@VCircleShape@sf@@@std@@@std@@AEAV?$vector@VText@sf@@V?$allocator@VText@sf@@@std@@@4@AEAVFont@sf@@AEAVVertexArray@7@H@Z@QEBA@PEAVNode@@HH@Z).
main.obj : error LNK2019: ссылка на неразрешенный внешний символ "__declspec(dllimport) public: void __cdecl sf::Text::setString(class sf::String const &)" (__imp_?setString@Text@sf@@QEAAXAEBVString@2@@Z) в функции main.
main.obj : error LNK2019: ссылка на неразрешенный внешний символ "__declspec(dllimport) public: class sf::String const & __cdecl sf::Text::getString(void)const " (__imp_?getString@Text@sf@@QEBAAEBVString@2@XZ) в функции main.
main.obj : error LNK2019: ссылка на неразрешенный внешний символ "__declspec(dllimport) public: class sf::Rect<float> __cdecl sf::Text::getLocalBounds(void)const " (__imp_?getLocalBounds@Text@sf@@QEBA?AV?$Rect@M@2@XZ) в функции "public: __cdecl `void __cdecl createShapes(class BinaryTree &,class std::vector<class sf::CircleShape,class std::allocator<class sf::CircleShape> > &,class std::vector<class sf::Text,class std::allocator<class sf::Text> > &,class sf::Font &,class sf::VertexArray &,int)'::`2'::<lambda_1>::operator()(class Node *,int,int)const " (??R<lambda_1>@?1??createShapes@@YAXAEAVBinaryTree@@AEAV?$vector@VCircleShape@sf@@V?$allocator@VCircleShape@sf@@@std@@@std@@AEAV?$vector@VText@sf@@V?$allocator@VText@sf@@@std@@@4@AEAVFont@sf@@AEAVVertexArray@7@H@Z@QEBA@PEAVNode@@HH@Z).
main.obj : error LNK2019: ссылка на неразрешенный внешний символ "__declspec(dllimport) public: virtual __cdecl sf::Text::~Text(void)" (__imp_??1Text@sf@@UEAA@XZ) в функции "public: __cdecl `void __cdecl createShapes(class BinaryTree &,class std::vector<class sf::CircleShape,class std::allocator<class sf::CircleShape> > &,class std::vector<class sf::Text,class std::allocator<class sf::Text> > &,class sf::Font &,class sf::VertexArray &,int)'::`2'::<lambda_1>::operator()(class Node *,int,int)const " (??R<lambda_1>@?1??createShapes@@YAXAEAVBinaryTree@@AEAV?$vector@VCircleShape@sf@@V?$allocator@VCircleShape@sf@@@std@@@std@@AEAV?$vector@VText@sf@@V?$allocator@VText@sf@@@std@@@4@AEAVFont@sf@@AEAVVertexArray@7@H@Z@QEBA@PEAVNode@@HH@Z).
main.obj : error LNK2019: ссылка на неразрешенный внешний символ "__declspec(dllimport) public: __cdecl sf::Text::Text(class sf::Text const &)" (__imp_??0Text@sf@@QEAA@AEBV01@@Z) в функции "public: static void __cdecl std::_Default_allocator_traits<class std::allocator<class sf::Text> >::construct<class sf::Text,class sf::Text &>(class std::allocator<class sf::Text> &,class sf::Text * const,class sf::Text &)" (??$construct@VText@sf@@AEAV12@@?$_Default_allocator_traits@V?$allocator@VText@sf@@@std@@@std@@SAXAEAV?$allocator@VText@sf@@@1@QEAVText@sf@@AEAV34@@Z).
main.obj : error LNK2019: ссылка на неразрешенный внешний символ "__declspec(dllimport) public: __cdecl sf::Text::Text(class sf::Text &&)" (__imp_??0Text@sf@@QEAA@$$QEAV01@@Z) в функции "public: static void __cdecl std::_Default_allocator_traits<class std::allocator<class sf::Text> >::construct<class sf::Text,class sf::Text>(class std::allocator<class sf::Text> &,class sf::Text * const,class sf::Text &&)" (??$construct@VText@sf@@V12@@?$_Default_allocator_traits@V?$allocator@VText@sf@@@std@@@std@@SAXAEAV?$allocator@VText@sf@@@1@QEAVText@sf@@$$QEAV34@@Z).
main.obj : error LNK2001: неразрешенный внешний символ "private: virtual void __cdecl sf::Text::draw(class sf::RenderTarget &,class sf::RenderStates)const " (?draw@Text@sf@@EEBAXAEAVRenderTarget@2@VRenderStates@2@@Z).
main.obj : error LNK2001: неразрешенный внешний символ "private: virtual void __cdecl sf::Shape::draw(class sf::RenderTarget &,class sf::RenderStates)const " (?draw@Shape@sf@@EEBAXAEAVRenderTarget@2@VRenderStates@2@@Z).
main.obj : error LNK2001: неразрешенный внешний символ "public: virtual unsigned __int64 __cdecl sf::CircleShape::getPointCount(void)const " (?getPointCount@CircleShape@sf@@UEBA_KXZ).
main.obj : error LNK2001: неразрешенный внешний символ "public: virtual class sf::Vector2<float> __cdecl sf::CircleShape::getPoint(unsigned __int64)const " (?getPoint@CircleShape@sf@@UEBA?AV?$Vector2@M@2@_K@Z).
main.obj : error LNK2019: ссылка на неразрешенный внешний символ "__declspec(dllimport) public: static class sf::RenderStates const sf::RenderStates::Default" (__imp_?Default@RenderStates@sf@@2V12@B) в функции main.
D:\qt projects\BinaryTreeSFML-master\x64\Debug\BinaryTreeSFML.exe : fatal error LNK1120: неразрешенных внешних элементов: 48
